 2022-06-26 21:06:54 || [ [31merror[39m ] ▶ [31mError message from the centralized error-handling component column "refreshToken" does not exist[39m
 2022-06-26 22:06:31 || [ [31merror[39m ] ▶ [31mError message from the centralized error-handling component The Token is expired[39m
 2022-06-26 22:06:59 || [ [31merror[39m ] ▶ [31muncaughtException: Cannot find module '/'[39m
[31mRequire stack:[39m
[31m- /Users/haileyjpark/internship/backend/junghyun/koa-books/src/common/error/index.js[39m
[31m- /Users/haileyjpark/internship/backend/junghyun/koa-books/src/common/auth/jwtService.js[39m
[31m- /Users/haileyjpark/internship/backend/junghyun/koa-books/src/common/auth/index.js[39m
[31m- /Users/haileyjpark/internship/backend/junghyun/koa-books/src/services/users/authService.js[39m
[31m- /Users/haileyjpark/internship/backend/junghyun/koa-books/src/services/users/index.js[39m
[31m- /Users/haileyjpark/internship/backend/junghyun/koa-books/src/services/index.js[39m
[31m- /Users/haileyjpark/internship/backend/junghyun/koa-books/src/controllers/books/index.js[39m
[31m- /Users/haileyjpark/internship/backend/junghyun/koa-books/src/controllers/index.js[39m
[31m- /Users/haileyjpark/internship/backend/junghyun/koa-books/src/routes/api/user.js[39m
[31m- /Users/haileyjpark/internship/backend/junghyun/koa-books/src/routes/api/index.js[39m
[31m- /Users/haileyjpark/internship/backend/junghyun/koa-books/src/routes/index.js[39m
[31m- /Users/haileyjpark/internship/backend/junghyun/koa-books/src/server.js[39m
[31m- /Users/haileyjpark/internship/backend/junghyun/koa-books/index.js[39m
[31mError: Cannot find module '/'[39m
[31mRequire stack:[39m
[31m- /Users/haileyjpark/internship/backend/junghyun/koa-books/src/common/error/index.js[39m
[31m- /Users/haileyjpark/internship/backend/junghyun/koa-books/src/common/auth/jwtService.js[39m
[31m- /Users/haileyjpark/internship/backend/junghyun/koa-books/src/common/auth/index.js[39m
[31m- /Users/haileyjpark/internship/backend/junghyun/koa-books/src/services/users/authService.js[39m
[31m- /Users/haileyjpark/internship/backend/junghyun/koa-books/src/services/users/index.js[39m
[31m- /Users/haileyjpark/internship/backend/junghyun/koa-books/src/services/index.js[39m
[31m- /Users/haileyjpark/internship/backend/junghyun/koa-books/src/controllers/books/index.js[39m
[31m- /Users/haileyjpark/internship/backend/junghyun/koa-books/src/controllers/index.js[39m
[31m- /Users/haileyjpark/internship/backend/junghyun/koa-books/src/routes/api/user.js[39m
[31m- /Users/haileyjpark/internship/backend/junghyun/koa-books/src/routes/api/index.js[39m
[31m- /Users/haileyjpark/internship/backend/junghyun/koa-books/src/routes/index.js[39m
[31m- /Users/haileyjpark/internship/backend/junghyun/koa-books/src/server.js[39m
[31m- /Users/haileyjpark/internship/backend/junghyun/koa-books/index.js[39m
[31m    at Function.Module._resolveFilename (node:internal/modules/cjs/loader:933:15)[39m
[31m    at Function.Module._load (node:internal/modules/cjs/loader:778:27)[39m
[31m    at Module.require (node:internal/modules/cjs/loader:999:19)[39m
[31m    at require (node:internal/modules/cjs/helpers:102:18)[39m
[31m    at Object.<anonymous> (/Users/haileyjpark/internship/backend/junghyun/koa-books/src/common/error/index.js:3:22)[39m
[31m    at Module._compile (node:internal/modules/cjs/loader:1099:14)[39m
[31m    at Object.Module._extensions..js (node:internal/modules/cjs/loader:1153:10)[39m
[31m    at Module.load (node:internal/modules/cjs/loader:975:32)[39m
[31m    at Function.Module._load (node:internal/modules/cjs/loader:822:12)[39m
[31m    at Module.require (node:internal/modules/cjs/loader:999:19)[39m
 2022-06-26 22:06:64 || [ [31merror[39m ] ▶ [31muncaughtException: Unexpected token ';'[39m
[31m/Users/haileyjpark/internship/backend/junghyun/koa-books/src/common/error/errorCode.js:2[39m
[31m TOKEN_EXPIRED: 'TOKEN_EXPIRED';[39m
[31m                               ^[39m

[31mSyntaxError: Unexpected token ';'[39m
[31m    at Object.compileFunction (node:vm:352:18)[39m
[31m    at wrapSafe (node:internal/modules/cjs/loader:1027:15)[39m
[31m    at Module._compile (node:internal/modules/cjs/loader:1063:27)[39m
[31m    at Object.Module._extensions..js (node:internal/modules/cjs/loader:1153:10)[39m
[31m    at Module.load (node:internal/modules/cjs/loader:975:32)[39m
[31m    at Function.Module._load (node:internal/modules/cjs/loader:822:12)[39m
[31m    at Module.require (node:internal/modules/cjs/loader:999:19)[39m
[31m    at require (node:internal/modules/cjs/helpers:102:18)[39m
[31m    at Object.<anonymous> (/Users/haileyjpark/internship/backend/junghyun/koa-books/src/common/error/index.js:3:24)[39m
[31m    at Module._compile (node:internal/modules/cjs/loader:1099:14)[39m
 2022-06-26 22:06:41 || [ [31merror[39m ] ▶ [31muncaughtException: Unexpected token ';'[39m
[31m/Users/haileyjpark/internship/backend/junghyun/koa-books/src/common/error/errorCode.js:2[39m
[31m TOKEN_EXPIRED: 'TOKEN_EXPIRED';[39m
[31m                               ^[39m

[31mSyntaxError: Unexpected token ';'[39m
[31m    at Object.compileFunction (node:vm:352:18)[39m
[31m    at wrapSafe (node:internal/modules/cjs/loader:1027:15)[39m
[31m    at Module._compile (node:internal/modules/cjs/loader:1063:27)[39m
[31m    at Object.Module._extensions..js (node:internal/modules/cjs/loader:1153:10)[39m
[31m    at Module.load (node:internal/modules/cjs/loader:975:32)[39m
[31m    at Function.Module._load (node:internal/modules/cjs/loader:822:12)[39m
[31m    at Module.require (node:internal/modules/cjs/loader:999:19)[39m
[31m    at require (node:internal/modules/cjs/helpers:102:18)[39m
[31m    at Object.<anonymous> (/Users/haileyjpark/internship/backend/junghyun/koa-books/src/common/error/index.js:3:24)[39m
[31m    at Module._compile (node:internal/modules/cjs/loader:1099:14)[39m
 2022-06-26 22:06:53 || [ [31merror[39m ] ▶ [31mError message from the centralized error-handling component The Token is expired[39m
 2022-06-26 22:06:39 || [ [31merror[39m ] ▶ [31mError message from the centralized error-handling component The Token is expired[39m
 2022-06-26 22:06:69 || [ [31merror[39m ] ▶ [31mError message from the centralized error-handling component The Token is expired[39m
 2022-06-26 22:06:03 || [ [31merror[39m ] ▶ [31mError message from the centralized error-handling component The accessToken is expired[39m
 2022-06-26 22:06:92 || [ [31merror[39m ] ▶ [31mError message from the centralized error-handling component The accessToken is expired[39m
 2022-06-26 22:06:35 || [ [31merror[39m ] ▶ [31mError message from the centralized error-handling component The accessToken is expired[39m
 2022-06-26 22:06:30 || [ [31merror[39m ] ▶ [31muncaughtException: Unexpected identifier[39m
[31m/Users/haileyjpark/internship/backend/junghyun/koa-books/src/common/error/errorCode.js:3[39m
[31m  TOKEN_EXPIRED: 'TOKEN_EXPIRED',[39m
[31m  ^^^^^^^^^^^^^[39m

[31mSyntaxError: Unexpected identifier[39m
[31m    at Object.compileFunction (node:vm:352:18)[39m
[31m    at wrapSafe (node:internal/modules/cjs/loader:1027:15)[39m
[31m    at Module._compile (node:internal/modules/cjs/loader:1063:27)[39m
[31m    at Object.Module._extensions..js (node:internal/modules/cjs/loader:1153:10)[39m
[31m    at Module.load (node:internal/modules/cjs/loader:975:32)[39m
[31m    at Function.Module._load (node:internal/modules/cjs/loader:822:12)[39m
[31m    at Module.require (node:internal/modules/cjs/loader:999:19)[39m
[31m    at require (node:internal/modules/cjs/helpers:102:18)[39m
[31m    at Object.<anonymous> (/Users/haileyjpark/internship/backend/junghyun/koa-books/src/common/error/index.js:3:24)[39m
[31m    at Module._compile (node:internal/modules/cjs/loader:1099:14)[39m
 2022-06-26 22:06:61 || [ [31merror[39m ] ▶ [31muncaughtException: SERVER_ERROR is not defined[39m
[31mReferenceError: SERVER_ERROR is not defined[39m
[31m    at Object.<anonymous> (/Users/haileyjpark/internship/backend/junghyun/koa-books/src/common/error/errorCode.js:2:3)[39m
[31m    at Module._compile (node:internal/modules/cjs/loader:1099:14)[39m
[31m    at Object.Module._extensions..js (node:internal/modules/cjs/loader:1153:10)[39m
[31m    at Module.load (node:internal/modules/cjs/loader:975:32)[39m
[31m    at Function.Module._load (node:internal/modules/cjs/loader:822:12)[39m
[31m    at Module.require (node:internal/modules/cjs/loader:999:19)[39m
[31m    at require (node:internal/modules/cjs/helpers:102:18)[39m
[31m    at Object.<anonymous> (/Users/haileyjpark/internship/backend/junghyun/koa-books/src/common/error/index.js:3:24)[39m
[31m    at Module._compile (node:internal/modules/cjs/loader:1099:14)[39m
[31m    at Object.Module._extensions..js (node:internal/modules/cjs/loader:1153:10)[39m
 2022-06-26 22:06:20 || [ [31merror[39m ] ▶ [31muncaughtException: Unexpected token '}'[39m
[31m/Users/haileyjpark/internship/backend/junghyun/koa-books/src/common/error/errorCode.js:9[39m
[31m};[39m
[31m^[39m

[31mSyntaxError: Unexpected token '}'[39m
[31m    at Object.compileFunction (node:vm:352:18)[39m
[31m    at wrapSafe (node:internal/modules/cjs/loader:1027:15)[39m
[31m    at Module._compile (node:internal/modules/cjs/loader:1063:27)[39m
[31m    at Object.Module._extensions..js (node:internal/modules/cjs/loader:1153:10)[39m
[31m    at Module.load (node:internal/modules/cjs/loader:975:32)[39m
[31m    at Function.Module._load (node:internal/modules/cjs/loader:822:12)[39m
[31m    at Module.require (node:internal/modules/cjs/loader:999:19)[39m
[31m    at require (node:internal/modules/cjs/helpers:102:18)[39m
[31m    at Object.<anonymous> (/Users/haileyjpark/internship/backend/junghyun/koa-books/src/common/error/index.js:3:24)[39m
[31m    at Module._compile (node:internal/modules/cjs/loader:1099:14)[39m
 2022-06-26 22:06:39 || [ [31merror[39m ] ▶ [31muncaughtException: RENTAL_ is not defined[39m
[31mReferenceError: RENTAL_ is not defined[39m
[31m    at Object.<anonymous> (/Users/haileyjpark/internship/backend/junghyun/koa-books/src/common/error/errorCode.js:13:3)[39m
[31m    at Module._compile (node:internal/modules/cjs/loader:1099:14)[39m
[31m    at Object.Module._extensions..js (node:internal/modules/cjs/loader:1153:10)[39m
[31m    at Module.load (node:internal/modules/cjs/loader:975:32)[39m
[31m    at Function.Module._load (node:internal/modules/cjs/loader:822:12)[39m
[31m    at Module.require (node:internal/modules/cjs/loader:999:19)[39m
[31m    at require (node:internal/modules/cjs/helpers:102:18)[39m
[31m    at Object.<anonymous> (/Users/haileyjpark/internship/backend/junghyun/koa-books/src/common/error/index.js:3:24)[39m
[31m    at Module._compile (node:internal/modules/cjs/loader:1099:14)[39m
[31m    at Object.Module._extensions..js (node:internal/modules/cjs/loader:1153:10)[39m
